{"/home/wopa22/frontend-project-46/src/index.js": {"path":"/home/wopa22/frontend-project-46/src/index.js","all":false,"statementMap":{"0":{"start":{"line":1,"column":0},"end":{"line":1,"column":20}},"1":{"start":{"line":2,"column":0},"end":{"line":2,"column":29}},"2":{"start":{"line":3,"column":0},"end":{"line":3,"column":37}},"3":{"start":{"line":4,"column":0},"end":{"line":4,"column":36}},"4":{"start":{"line":5,"column":0},"end":{"line":5,"column":47}},"5":{"start":{"line":6,"column":0},"end":{"line":6,"column":0}},"6":{"start":{"line":7,"column":0},"end":{"line":7,"column":134}},"7":{"start":{"line":8,"column":0},"end":{"line":8,"column":68}},"8":{"start":{"line":9,"column":0},"end":{"line":9,"column":0}},"9":{"start":{"line":10,"column":0},"end":{"line":10,"column":81}},"10":{"start":{"line":11,"column":0},"end":{"line":11,"column":0}},"11":{"start":{"line":12,"column":0},"end":{"line":12,"column":65}},"12":{"start":{"line":13,"column":0},"end":{"line":13,"column":134}},"13":{"start":{"line":14,"column":0},"end":{"line":14,"column":63}},"14":{"start":{"line":15,"column":0},"end":{"line":15,"column":47}},"15":{"start":{"line":16,"column":0},"end":{"line":16,"column":47}},"16":{"start":{"line":17,"column":0},"end":{"line":17,"column":43}},"17":{"start":{"line":18,"column":0},"end":{"line":18,"column":43}},"18":{"start":{"line":19,"column":0},"end":{"line":19,"column":43}},"19":{"start":{"line":20,"column":0},"end":{"line":20,"column":43}},"20":{"start":{"line":21,"column":0},"end":{"line":21,"column":42}},"21":{"start":{"line":22,"column":0},"end":{"line":22,"column":42}},"22":{"start":{"line":23,"column":0},"end":{"line":23,"column":0}},"23":{"start":{"line":24,"column":0},"end":{"line":24,"column":42}},"24":{"start":{"line":25,"column":0},"end":{"line":25,"column":38}},"25":{"start":{"line":26,"column":0},"end":{"line":26,"column":2}},"26":{"start":{"line":27,"column":0},"end":{"line":27,"column":0}},"27":{"start":{"line":28,"column":0},"end":{"line":28,"column":23}}},"s":{"0":1,"1":1,"2":1,"3":1,"4":1,"5":1,"6":1,"7":1,"8":1,"9":1,"10":1,"11":1,"12":1,"13":1,"14":11,"15":11,"16":11,"17":11,"18":11,"19":11,"20":11,"21":11,"22":11,"23":11,"24":11,"25":11,"26":1,"27":1},"branchMap":{"0":{"type":"branch","line":8,"loc":{"start":{"line":8,"column":17},"end":{"line":8,"column":67}},"locations":[{"start":{"line":8,"column":17},"end":{"line":8,"column":67}}]},"1":{"type":"branch","line":10,"loc":{"start":{"line":10,"column":22},"end":{"line":10,"column":80}},"locations":[{"start":{"line":10,"column":22},"end":{"line":10,"column":80}}]},"2":{"type":"branch","line":12,"loc":{"start":{"line":12,"column":17},"end":{"line":12,"column":64}},"locations":[{"start":{"line":12,"column":17},"end":{"line":12,"column":64}}]},"3":{"type":"branch","line":14,"loc":{"start":{"line":14,"column":16},"end":{"line":26,"column":2}},"locations":[{"start":{"line":14,"column":16},"end":{"line":26,"column":2}}]}},"b":{"0":[22],"1":[22],"2":[22],"3":[11]},"fnMap":{"0":{"name":"absPath","decl":{"start":{"line":8,"column":17},"end":{"line":8,"column":67}},"loc":{"start":{"line":8,"column":17},"end":{"line":8,"column":67}},"line":8},"1":{"name":"getExtention","decl":{"start":{"line":10,"column":22},"end":{"line":10,"column":80}},"loc":{"start":{"line":10,"column":22},"end":{"line":10,"column":80}},"line":10},"2":{"name":"getData","decl":{"start":{"line":12,"column":17},"end":{"line":12,"column":64}},"loc":{"start":{"line":12,"column":17},"end":{"line":12,"column":64}},"line":12},"3":{"name":"genDiff","decl":{"start":{"line":14,"column":16},"end":{"line":26,"column":2}},"loc":{"start":{"line":14,"column":16},"end":{"line":26,"column":2}},"line":14}},"f":{"0":22,"1":22,"2":22,"3":11}}
,"/home/wopa22/frontend-project-46/src/makeDiff.js": {"path":"/home/wopa22/frontend-project-46/src/makeDiff.js","all":false,"statementMap":{"0":{"start":{"line":1,"column":0},"end":{"line":1,"column":23}},"1":{"start":{"line":2,"column":0},"end":{"line":2,"column":0}},"2":{"start":{"line":3,"column":0},"end":{"line":3,"column":40}},"3":{"start":{"line":4,"column":0},"end":{"line":4,"column":38}},"4":{"start":{"line":5,"column":0},"end":{"line":5,"column":38}},"5":{"start":{"line":6,"column":0},"end":{"line":6,"column":52}},"6":{"start":{"line":7,"column":0},"end":{"line":7,"column":39}},"7":{"start":{"line":8,"column":0},"end":{"line":8,"column":0}},"8":{"start":{"line":9,"column":0},"end":{"line":9,"column":42}},"9":{"start":{"line":10,"column":0},"end":{"line":10,"column":39}},"10":{"start":{"line":11,"column":0},"end":{"line":11,"column":57}},"11":{"start":{"line":12,"column":0},"end":{"line":12,"column":5}},"12":{"start":{"line":13,"column":0},"end":{"line":13,"column":0}},"13":{"start":{"line":14,"column":0},"end":{"line":14,"column":39}},"14":{"start":{"line":15,"column":0},"end":{"line":15,"column":59}},"15":{"start":{"line":16,"column":0},"end":{"line":16,"column":5}},"16":{"start":{"line":17,"column":0},"end":{"line":17,"column":0}},"17":{"start":{"line":18,"column":0},"end":{"line":18,"column":79}},"18":{"start":{"line":19,"column":0},"end":{"line":19,"column":42}},"19":{"start":{"line":20,"column":0},"end":{"line":20,"column":16}},"20":{"start":{"line":21,"column":0},"end":{"line":21,"column":76}},"21":{"start":{"line":22,"column":0},"end":{"line":22,"column":10}},"22":{"start":{"line":23,"column":0},"end":{"line":23,"column":7}},"23":{"start":{"line":24,"column":0},"end":{"line":24,"column":5}},"24":{"start":{"line":25,"column":0},"end":{"line":25,"column":0}},"25":{"start":{"line":26,"column":0},"end":{"line":26,"column":73}},"26":{"start":{"line":27,"column":0},"end":{"line":27,"column":85}},"27":{"start":{"line":28,"column":0},"end":{"line":28,"column":5}},"28":{"start":{"line":29,"column":0},"end":{"line":29,"column":0}},"29":{"start":{"line":30,"column":0},"end":{"line":30,"column":59}},"30":{"start":{"line":31,"column":0},"end":{"line":31,"column":5}},"31":{"start":{"line":32,"column":0},"end":{"line":32,"column":16}},"32":{"start":{"line":33,"column":0},"end":{"line":33,"column":2}},"33":{"start":{"line":34,"column":0},"end":{"line":34,"column":0}},"34":{"start":{"line":35,"column":0},"end":{"line":35,"column":24}}},"s":{"0":1,"1":1,"2":1,"3":41,"4":41,"5":41,"6":41,"7":41,"8":41,"9":149,"10":41,"11":41,"12":108,"13":149,"14":18,"15":18,"16":90,"17":149,"18":58,"19":33,"20":33,"21":33,"22":33,"23":58,"24":57,"25":149,"26":32,"27":32,"28":25,"29":25,"30":41,"31":41,"32":41,"33":1,"34":1},"branchMap":{"0":{"type":"branch","line":3,"loc":{"start":{"line":3,"column":17},"end":{"line":33,"column":2}},"locations":[{"start":{"line":3,"column":17},"end":{"line":33,"column":2}}]},"1":{"type":"branch","line":9,"loc":{"start":{"line":9,"column":33},"end":{"line":31,"column":3}},"locations":[{"start":{"line":9,"column":33},"end":{"line":31,"column":3}}]},"2":{"type":"branch","line":10,"loc":{"start":{"line":10,"column":38},"end":{"line":12,"column":5}},"locations":[{"start":{"line":10,"column":38},"end":{"line":12,"column":5}}]},"3":{"type":"branch","line":12,"loc":{"start":{"line":12,"column":4},"end":{"line":14,"column":38}},"locations":[{"start":{"line":12,"column":4},"end":{"line":14,"column":38}}]},"4":{"type":"branch","line":14,"loc":{"start":{"line":14,"column":38},"end":{"line":16,"column":5}},"locations":[{"start":{"line":14,"column":38},"end":{"line":16,"column":5}}]},"5":{"type":"branch","line":16,"loc":{"start":{"line":16,"column":4},"end":{"line":18,"column":44}},"locations":[{"start":{"line":16,"column":4},"end":{"line":18,"column":44}}]},"6":{"type":"branch","line":18,"loc":{"start":{"line":18,"column":40},"end":{"line":18,"column":76}},"locations":[{"start":{"line":18,"column":40},"end":{"line":18,"column":76}}]},"7":{"type":"branch","line":18,"loc":{"start":{"line":18,"column":78},"end":{"line":24,"column":5}},"locations":[{"start":{"line":18,"column":78},"end":{"line":24,"column":5}}]},"8":{"type":"branch","line":19,"loc":{"start":{"line":19,"column":41},"end":{"line":23,"column":7}},"locations":[{"start":{"line":19,"column":41},"end":{"line":23,"column":7}}]},"9":{"type":"branch","line":24,"loc":{"start":{"line":24,"column":4},"end":{"line":26,"column":41}},"locations":[{"start":{"line":24,"column":4},"end":{"line":26,"column":41}}]},"10":{"type":"branch","line":26,"loc":{"start":{"line":26,"column":37},"end":{"line":26,"column":70}},"locations":[{"start":{"line":26,"column":37},"end":{"line":26,"column":70}}]},"11":{"type":"branch","line":26,"loc":{"start":{"line":26,"column":72},"end":{"line":28,"column":5}},"locations":[{"start":{"line":26,"column":72},"end":{"line":28,"column":5}}]},"12":{"type":"branch","line":28,"loc":{"start":{"line":28,"column":4},"end":{"line":31,"column":3}},"locations":[{"start":{"line":28,"column":4},"end":{"line":31,"column":3}}]}},"b":{"0":[41],"1":[149],"2":[41],"3":[108],"4":[18],"5":[90],"6":[40],"7":[58],"8":[33],"9":[57],"10":[32],"11":[32],"12":[25]},"fnMap":{"0":{"name":"makeDiff","decl":{"start":{"line":3,"column":17},"end":{"line":33,"column":2}},"loc":{"start":{"line":3,"column":17},"end":{"line":33,"column":2}},"line":3}},"f":{"0":41}}
,"/home/wopa22/frontend-project-46/src/parsers.js": {"path":"/home/wopa22/frontend-project-46/src/parsers.js","all":false,"statementMap":{"0":{"start":{"line":1,"column":0},"end":{"line":1,"column":27}},"1":{"start":{"line":2,"column":0},"end":{"line":2,"column":0}},"2":{"start":{"line":3,"column":0},"end":{"line":3,"column":43}},"3":{"start":{"line":4,"column":0},"end":{"line":4,"column":22}},"4":{"start":{"line":5,"column":0},"end":{"line":5,"column":16}},"5":{"start":{"line":6,"column":0},"end":{"line":6,"column":34}},"6":{"start":{"line":7,"column":0},"end":{"line":7,"column":16}},"7":{"start":{"line":8,"column":0},"end":{"line":8,"column":33}},"8":{"start":{"line":9,"column":0},"end":{"line":9,"column":15}},"9":{"start":{"line":10,"column":0},"end":{"line":10,"column":33}},"10":{"start":{"line":11,"column":0},"end":{"line":11,"column":12}},"11":{"start":{"line":12,"column":0},"end":{"line":12,"column":43}},"12":{"start":{"line":13,"column":0},"end":{"line":13,"column":3}},"13":{"start":{"line":14,"column":0},"end":{"line":14,"column":2}},"14":{"start":{"line":15,"column":0},"end":{"line":15,"column":0}},"15":{"start":{"line":16,"column":0},"end":{"line":16,"column":24}}},"s":{"0":1,"1":1,"2":1,"3":20,"4":20,"5":10,"6":20,"7":0,"8":20,"9":8,"10":20,"11":2,"12":20,"13":20,"14":1,"15":1},"branchMap":{"0":{"type":"branch","line":3,"loc":{"start":{"line":3,"column":17},"end":{"line":14,"column":2}},"locations":[{"start":{"line":3,"column":17},"end":{"line":14,"column":2}}]},"1":{"type":"branch","line":5,"loc":{"start":{"line":5,"column":4},"end":{"line":6,"column":34}},"locations":[{"start":{"line":5,"column":4},"end":{"line":6,"column":34}}]},"2":{"type":"branch","line":7,"loc":{"start":{"line":7,"column":4},"end":{"line":8,"column":33}},"locations":[{"start":{"line":7,"column":4},"end":{"line":8,"column":33}}]},"3":{"type":"branch","line":9,"loc":{"start":{"line":9,"column":4},"end":{"line":10,"column":33}},"locations":[{"start":{"line":9,"column":4},"end":{"line":10,"column":33}}]},"4":{"type":"branch","line":11,"loc":{"start":{"line":11,"column":4},"end":{"line":12,"column":43}},"locations":[{"start":{"line":11,"column":4},"end":{"line":12,"column":43}}]}},"b":{"0":[20],"1":[10],"2":[0],"3":[8],"4":[2]},"fnMap":{"0":{"name":"getParse","decl":{"start":{"line":3,"column":17},"end":{"line":14,"column":2}},"loc":{"start":{"line":3,"column":17},"end":{"line":14,"column":2}},"line":3}},"f":{"0":20}}
,"/home/wopa22/frontend-project-46/src/formatters/index.js": {"path":"/home/wopa22/frontend-project-46/src/formatters/index.js","all":false,"statementMap":{"0":{"start":{"line":1,"column":0},"end":{"line":1,"column":41}},"1":{"start":{"line":2,"column":0},"end":{"line":2,"column":35}},"2":{"start":{"line":3,"column":0},"end":{"line":3,"column":0}},"3":{"start":{"line":4,"column":0},"end":{"line":4,"column":42}},"4":{"start":{"line":5,"column":0},"end":{"line":5,"column":19}},"5":{"start":{"line":6,"column":0},"end":{"line":6,"column":19}},"6":{"start":{"line":7,"column":0},"end":{"line":7,"column":37}},"7":{"start":{"line":8,"column":0},"end":{"line":8,"column":16}},"8":{"start":{"line":9,"column":0},"end":{"line":9,"column":34}},"9":{"start":{"line":10,"column":0},"end":{"line":10,"column":12}},"10":{"start":{"line":11,"column":0},"end":{"line":11,"column":70}},"11":{"start":{"line":12,"column":0},"end":{"line":12,"column":3}},"12":{"start":{"line":13,"column":0},"end":{"line":13,"column":2}},"13":{"start":{"line":14,"column":0},"end":{"line":14,"column":0}},"14":{"start":{"line":15,"column":0},"end":{"line":15,"column":26}}},"s":{"0":1,"1":1,"2":1,"3":1,"4":9,"5":9,"6":2,"7":9,"8":6,"9":9,"10":1,"11":9,"12":9,"13":1,"14":1},"branchMap":{"0":{"type":"branch","line":4,"loc":{"start":{"line":4,"column":19},"end":{"line":13,"column":2}},"locations":[{"start":{"line":4,"column":19},"end":{"line":13,"column":2}}]},"1":{"type":"branch","line":6,"loc":{"start":{"line":6,"column":4},"end":{"line":7,"column":37}},"locations":[{"start":{"line":6,"column":4},"end":{"line":7,"column":37}}]},"2":{"type":"branch","line":8,"loc":{"start":{"line":8,"column":4},"end":{"line":9,"column":34}},"locations":[{"start":{"line":8,"column":4},"end":{"line":9,"column":34}}]},"3":{"type":"branch","line":10,"loc":{"start":{"line":10,"column":4},"end":{"line":11,"column":70}},"locations":[{"start":{"line":10,"column":4},"end":{"line":11,"column":70}}]}},"b":{"0":[9],"1":[2],"2":[6],"3":[1]},"fnMap":{"0":{"name":"formatDiff","decl":{"start":{"line":4,"column":19},"end":{"line":13,"column":2}},"loc":{"start":{"line":4,"column":19},"end":{"line":13,"column":2}},"line":4}},"f":{"0":9}}
,"/home/wopa22/frontend-project-46/src/formatters/json.js": {"path":"/home/wopa22/frontend-project-46/src/formatters/json.js","all":false,"statementMap":{"0":{"start":{"line":1,"column":0},"end":{"line":1,"column":58}},"1":{"start":{"line":2,"column":0},"end":{"line":2,"column":0}},"2":{"start":{"line":3,"column":0},"end":{"line":3,"column":26}}},"s":{"0":1,"1":1,"2":1},"branchMap":{"0":{"type":"branch","line":1,"loc":{"start":{"line":1,"column":20},"end":{"line":1,"column":57}},"locations":[{"start":{"line":1,"column":20},"end":{"line":1,"column":57}}]}},"b":{"0":[6]},"fnMap":{"0":{"name":"formatJson","decl":{"start":{"line":1,"column":20},"end":{"line":1,"column":57}},"loc":{"start":{"line":1,"column":20},"end":{"line":1,"column":57}},"line":1}},"f":{"0":6}}
,"/home/wopa22/frontend-project-46/src/formatters/stylish.js": {"path":"/home/wopa22/frontend-project-46/src/formatters/stylish.js","all":false,"statementMap":{"0":{"start":{"line":1,"column":0},"end":{"line":1,"column":23}},"1":{"start":{"line":2,"column":0},"end":{"line":2,"column":0}},"2":{"start":{"line":3,"column":0},"end":{"line":3,"column":52}},"3":{"start":{"line":4,"column":0},"end":{"line":4,"column":0}},"4":{"start":{"line":5,"column":0},"end":{"line":5,"column":41}},"5":{"start":{"line":6,"column":0},"end":{"line":6,"column":27}},"6":{"start":{"line":7,"column":0},"end":{"line":7,"column":25}},"7":{"start":{"line":8,"column":0},"end":{"line":8,"column":3}},"8":{"start":{"line":9,"column":0},"end":{"line":9,"column":34}},"9":{"start":{"line":10,"column":0},"end":{"line":10,"column":104}},"10":{"start":{"line":11,"column":0},"end":{"line":11,"column":56}},"11":{"start":{"line":12,"column":0},"end":{"line":12,"column":2}},"12":{"start":{"line":13,"column":0},"end":{"line":13,"column":0}},"13":{"start":{"line":14,"column":0},"end":{"line":14,"column":35}},"14":{"start":{"line":15,"column":0},"end":{"line":15,"column":41}},"15":{"start":{"line":16,"column":0},"end":{"line":16,"column":11}},"16":{"start":{"line":17,"column":0},"end":{"line":17,"column":43}},"17":{"start":{"line":18,"column":0},"end":{"line":18,"column":13}},"18":{"start":{"line":19,"column":0},"end":{"line":19,"column":19}},"19":{"start":{"line":20,"column":0},"end":{"line":20,"column":20}},"20":{"start":{"line":21,"column":0},"end":{"line":21,"column":96}},"21":{"start":{"line":22,"column":0},"end":{"line":22,"column":19}},"22":{"start":{"line":23,"column":0},"end":{"line":23,"column":70}},"23":{"start":{"line":24,"column":0},"end":{"line":24,"column":21}},"24":{"start":{"line":25,"column":0},"end":{"line":25,"column":70}},"25":{"start":{"line":26,"column":0},"end":{"line":26,"column":21}},"26":{"start":{"line":27,"column":0},"end":{"line":27,"column":16}},"27":{"start":{"line":28,"column":0},"end":{"line":28,"column":68}},"28":{"start":{"line":29,"column":0},"end":{"line":29,"column":65}},"29":{"start":{"line":30,"column":0},"end":{"line":30,"column":10}},"30":{"start":{"line":31,"column":0},"end":{"line":31,"column":23}},"31":{"start":{"line":32,"column":0},"end":{"line":32,"column":70}},"32":{"start":{"line":33,"column":0},"end":{"line":33,"column":14}},"33":{"start":{"line":34,"column":0},"end":{"line":34,"column":49}},"34":{"start":{"line":35,"column":0},"end":{"line":35,"column":5}},"35":{"start":{"line":36,"column":0},"end":{"line":36,"column":5}},"36":{"start":{"line":37,"column":0},"end":{"line":37,"column":27}},"37":{"start":{"line":38,"column":0},"end":{"line":38,"column":2}},"38":{"start":{"line":39,"column":0},"end":{"line":39,"column":54}},"39":{"start":{"line":40,"column":0},"end":{"line":40,"column":0}},"40":{"start":{"line":41,"column":0},"end":{"line":41,"column":29}}},"s":{"0":1,"1":1,"2":1,"3":1,"4":1,"5":54,"6":40,"7":40,"8":14,"9":14,"10":14,"11":14,"12":1,"13":1,"14":10,"15":36,"16":36,"17":36,"18":36,"19":36,"20":8,"21":36,"22":10,"23":36,"24":4,"25":36,"26":8,"27":8,"28":8,"29":8,"30":36,"31":6,"32":36,"33":0,"34":36,"35":10,"36":10,"37":10,"38":1,"39":1,"40":1},"branchMap":{"0":{"type":"branch","line":3,"loc":{"start":{"line":3,"column":16},"end":{"line":3,"column":51}},"locations":[{"start":{"line":3,"column":16},"end":{"line":3,"column":51}}]},"1":{"type":"branch","line":5,"loc":{"start":{"line":5,"column":18},"end":{"line":12,"column":2}},"locations":[{"start":{"line":5,"column":18},"end":{"line":12,"column":2}}]},"2":{"type":"branch","line":6,"loc":{"start":{"line":6,"column":26},"end":{"line":8,"column":3}},"locations":[{"start":{"line":6,"column":26},"end":{"line":8,"column":3}}]},"3":{"type":"branch","line":8,"loc":{"start":{"line":8,"column":2},"end":{"line":12,"column":2}},"locations":[{"start":{"line":8,"column":2},"end":{"line":12,"column":2}}]},"4":{"type":"branch","line":10,"loc":{"start":{"line":10,"column":27},"end":{"line":10,"column":102}},"locations":[{"start":{"line":10,"column":27},"end":{"line":10,"column":102}}]},"5":{"type":"branch","line":14,"loc":{"start":{"line":14,"column":13},"end":{"line":38,"column":2}},"locations":[{"start":{"line":14,"column":13},"end":{"line":38,"column":2}}]},"6":{"type":"branch","line":15,"loc":{"start":{"line":15,"column":31},"end":{"line":36,"column":3}},"locations":[{"start":{"line":15,"column":31},"end":{"line":36,"column":3}}]},"7":{"type":"branch","line":20,"loc":{"start":{"line":20,"column":6},"end":{"line":21,"column":96}},"locations":[{"start":{"line":20,"column":6},"end":{"line":21,"column":96}}]},"8":{"type":"branch","line":22,"loc":{"start":{"line":22,"column":6},"end":{"line":23,"column":70}},"locations":[{"start":{"line":22,"column":6},"end":{"line":23,"column":70}}]},"9":{"type":"branch","line":24,"loc":{"start":{"line":24,"column":6},"end":{"line":25,"column":70}},"locations":[{"start":{"line":24,"column":6},"end":{"line":25,"column":70}}]},"10":{"type":"branch","line":26,"loc":{"start":{"line":26,"column":6},"end":{"line":30,"column":10}},"locations":[{"start":{"line":26,"column":6},"end":{"line":30,"column":10}}]},"11":{"type":"branch","line":31,"loc":{"start":{"line":31,"column":6},"end":{"line":32,"column":70}},"locations":[{"start":{"line":31,"column":6},"end":{"line":32,"column":70}}]},"12":{"type":"branch","line":33,"loc":{"start":{"line":33,"column":6},"end":{"line":34,"column":49}},"locations":[{"start":{"line":33,"column":6},"end":{"line":34,"column":49}}]},"13":{"type":"branch","line":39,"loc":{"start":{"line":39,"column":23},"end":{"line":39,"column":53}},"locations":[{"start":{"line":39,"column":23},"end":{"line":39,"column":53}}]}},"b":{"0":[84],"1":[54],"2":[40],"3":[14],"4":[18],"5":[10],"6":[36],"7":[8],"8":[10],"9":[4],"10":[8],"11":[6],"12":[0],"13":[2]},"fnMap":{"0":{"name":"indent","decl":{"start":{"line":3,"column":16},"end":{"line":3,"column":51}},"loc":{"start":{"line":3,"column":16},"end":{"line":3,"column":51}},"line":3},"1":{"name":"stringify","decl":{"start":{"line":5,"column":18},"end":{"line":12,"column":2}},"loc":{"start":{"line":5,"column":18},"end":{"line":12,"column":2}},"line":5},"2":{"name":"iter","decl":{"start":{"line":14,"column":13},"end":{"line":38,"column":2}},"loc":{"start":{"line":14,"column":13},"end":{"line":38,"column":2}},"line":14},"3":{"name":"formatStylish","decl":{"start":{"line":39,"column":23},"end":{"line":39,"column":53}},"loc":{"start":{"line":39,"column":23},"end":{"line":39,"column":53}},"line":39}},"f":{"0":84,"1":54,"2":10,"3":2}}
}
