TN:
SF:src/index.js
FN:8,absPath
FN:10,getExtention
FN:12,getData
FN:14,genDiff
FNF:4
FNH:4
FNDA:22,absPath
FNDA:22,getExtention
FNDA:22,getData
FNDA:11,genDiff
DA:1,1
DA:2,1
DA:3,1
DA:4,1
DA:5,1
DA:6,1
DA:7,1
DA:8,1
DA:9,1
DA:10,1
DA:11,1
DA:12,1
DA:13,1
DA:14,1
DA:15,11
DA:16,11
DA:17,11
DA:18,11
DA:19,11
DA:20,11
DA:21,11
DA:22,11
DA:23,11
DA:24,11
DA:25,11
DA:26,11
DA:27,1
DA:28,1
LF:28
LH:28
BRDA:8,0,0,22
BRDA:10,1,0,22
BRDA:12,2,0,22
BRDA:14,3,0,11
BRF:4
BRH:4
end_of_record
TN:
SF:src/makeDiff.js
FN:3,makeDiff
FNF:1
FNH:1
FNDA:41,makeDiff
DA:1,1
DA:2,1
DA:3,1
DA:4,41
DA:5,41
DA:6,41
DA:7,41
DA:8,41
DA:9,41
DA:10,149
DA:11,41
DA:12,41
DA:13,108
DA:14,149
DA:15,18
DA:16,18
DA:17,90
DA:18,149
DA:19,58
DA:20,33
DA:21,33
DA:22,33
DA:23,33
DA:24,58
DA:25,57
DA:26,149
DA:27,32
DA:28,32
DA:29,25
DA:30,25
DA:31,41
DA:32,41
DA:33,41
DA:34,1
DA:35,1
LF:35
LH:35
BRDA:3,0,0,41
BRDA:9,1,0,149
BRDA:10,2,0,41
BRDA:12,3,0,108
BRDA:14,4,0,18
BRDA:16,5,0,90
BRDA:18,6,0,40
BRDA:18,7,0,58
BRDA:19,8,0,33
BRDA:24,9,0,57
BRDA:26,10,0,32
BRDA:26,11,0,32
BRDA:28,12,0,25
BRF:13
BRH:13
end_of_record
TN:
SF:src/parsers.js
FN:3,getParse
FNF:1
FNH:1
FNDA:20,getParse
DA:1,1
DA:2,1
DA:3,1
DA:4,20
DA:5,20
DA:6,10
DA:7,20
DA:8,0
DA:9,20
DA:10,8
DA:11,20
DA:12,2
DA:13,20
DA:14,20
DA:15,1
DA:16,1
LF:16
LH:15
BRDA:3,0,0,20
BRDA:5,1,0,10
BRDA:7,2,0,0
BRDA:9,3,0,8
BRDA:11,4,0,2
BRF:5
BRH:4
end_of_record
TN:
SF:src/formatters/index.js
FN:4,formatDiff
FNF:1
FNH:1
FNDA:9,formatDiff
DA:1,1
DA:2,1
DA:3,1
DA:4,1
DA:5,9
DA:6,9
DA:7,2
DA:8,9
DA:9,6
DA:10,9
DA:11,1
DA:12,9
DA:13,9
DA:14,1
DA:15,1
LF:15
LH:15
BRDA:4,0,0,9
BRDA:6,1,0,2
BRDA:8,2,0,6
BRDA:10,3,0,1
BRF:4
BRH:4
end_of_record
TN:
SF:src/formatters/json.js
FN:1,formatJson
FNF:1
FNH:1
FNDA:6,formatJson
DA:1,1
DA:2,1
DA:3,1
LF:3
LH:3
BRDA:1,0,0,6
BRF:1
BRH:1
end_of_record
TN:
SF:src/formatters/stylish.js
FN:3,indent
FN:5,stringify
FN:14,iter
FN:39,formatStylish
FNF:4
FNH:4
FNDA:84,indent
FNDA:54,stringify
FNDA:10,iter
FNDA:2,formatStylish
DA:1,1
DA:2,1
DA:3,1
DA:4,1
DA:5,1
DA:6,54
DA:7,40
DA:8,40
DA:9,14
DA:10,14
DA:11,14
DA:12,14
DA:13,1
DA:14,1
DA:15,10
DA:16,36
DA:17,36
DA:18,36
DA:19,36
DA:20,36
DA:21,8
DA:22,36
DA:23,10
DA:24,36
DA:25,4
DA:26,36
DA:27,8
DA:28,8
DA:29,8
DA:30,8
DA:31,36
DA:32,6
DA:33,36
DA:34,0
DA:35,36
DA:36,10
DA:37,10
DA:38,10
DA:39,1
DA:40,1
DA:41,1
LF:41
LH:40
BRDA:3,0,0,84
BRDA:5,1,0,54
BRDA:6,2,0,40
BRDA:8,3,0,14
BRDA:10,4,0,18
BRDA:14,5,0,10
BRDA:15,6,0,36
BRDA:20,7,0,8
BRDA:22,8,0,10
BRDA:24,9,0,4
BRDA:26,10,0,8
BRDA:31,11,0,6
BRDA:33,12,0,0
BRDA:39,13,0,2
BRF:14
BRH:13
end_of_record
